+ '[' -z '' ']'
+ case "$-" in
+ __lmod_vx=x
+ '[' -n x ']'
+ set +x
Shell debugging temporarily silenced: export LMOD_SH_DBG_ON=1 for this output (/p/software/juwelsbooster/lmod/8.7.49/init/bash)
Shell debugging restarted
+ unset __lmod_vx
+ module load Stages/2023
+ '[' -z '' ']'
+ case "$-" in
+ __lmod_sh_dbg=x
+ '[' -n x ']'
+ set +x
Shell debugging temporarily silenced: export LMOD_SH_DBG_ON=1 for Lmod's output

  [01;33mThis stage is deprecated. Please consider moving to a new stage (2025
or newer)[0m

Shell debugging restarted
+ unset __lmod_sh_dbg
+ return 0
+ module load GCCcore/.11.3.0
+ '[' -z '' ']'
+ case "$-" in
+ __lmod_sh_dbg=x
+ '[' -n x ']'
+ set +x
Shell debugging temporarily silenced: export LMOD_SH_DBG_ON=1 for Lmod's output
Shell debugging restarted
+ unset __lmod_sh_dbg
+ return 0
+ module load Python/3.10.4
+ '[' -z '' ']'
+ case "$-" in
+ __lmod_sh_dbg=x
+ '[' -n x ']'
+ set +x
Shell debugging temporarily silenced: export LMOD_SH_DBG_ON=1 for Lmod's output
Shell debugging restarted
+ unset __lmod_sh_dbg
+ return 0
+ source /p/project1/hai_fzj_bda/koenig8/jupyter/kernels/opt_transport/bin/activate
++ deactivate nondestructive
++ '[' -n '' ']'
++ '[' -n '' ']'
++ '[' -n /bin/bash -o -n '' ']'
++ hash -r
++ '[' -n '' ']'
++ unset VIRTUAL_ENV
++ unset VIRTUAL_ENV_PROMPT
++ '[' '!' nondestructive = nondestructive ']'
++ VIRTUAL_ENV=/p/project1/hai_fzj_bda/koenig8/jupyter/kernels/opt_transport
++ export VIRTUAL_ENV
++ _OLD_VIRTUAL_PATH=/p/software/juwelsbooster/stages/2023/software/Python/3.10.4-GCCcore-11.3.0/bin:/p/software/juwelsbooster/stages/2023/software/XZ/5.2.5-GCCcore-11.3.0/bin:/p/software/juwelsbooster/stages/2023/software/SQLite/3.38.3-GCCcore-11.3.0/bin:/p/software/juwelsbooster/stages/2023/software/Tcl/8.6.12-GCCcore-11.3.0/bin:/p/software/juwelsbooster/stages/2023/software/bzip2/1.0.8-GCCcore-11.3.0/bin:/p/software/juwelsbooster/stages/2023/software/ncurses/6.3-GCCcore-11.3.0/bin:/p/software/juwelsbooster/stages/2023/software/binutils/2.38-GCCcore-11.3.0/bin:/p/software/juwelsbooster/stages/2023/software/GCCcore/11.3.0/bin:/p/software/juwelsbooster/stages/2023/software/OpenSSL/1.1/bin:/p/project1/hai_fzj_bda/koenig8/jupyter/kernels/opt_transport/bin:/usr/local/bin:/usr/bin:/usr/local/sbin:/usr/sbin:/opt/jsc/bin:/usr/local/jsc/bin:/opt/parastation/bin:/p/software/juwelsbooster/bin
++ PATH=/p/project1/hai_fzj_bda/koenig8/jupyter/kernels/opt_transport/bin:/p/software/juwelsbooster/stages/2023/software/Python/3.10.4-GCCcore-11.3.0/bin:/p/software/juwelsbooster/stages/2023/software/XZ/5.2.5-GCCcore-11.3.0/bin:/p/software/juwelsbooster/stages/2023/software/SQLite/3.38.3-GCCcore-11.3.0/bin:/p/software/juwelsbooster/stages/2023/software/Tcl/8.6.12-GCCcore-11.3.0/bin:/p/software/juwelsbooster/stages/2023/software/bzip2/1.0.8-GCCcore-11.3.0/bin:/p/software/juwelsbooster/stages/2023/software/ncurses/6.3-GCCcore-11.3.0/bin:/p/software/juwelsbooster/stages/2023/software/binutils/2.38-GCCcore-11.3.0/bin:/p/software/juwelsbooster/stages/2023/software/GCCcore/11.3.0/bin:/p/software/juwelsbooster/stages/2023/software/OpenSSL/1.1/bin:/p/project1/hai_fzj_bda/koenig8/jupyter/kernels/opt_transport/bin:/usr/local/bin:/usr/bin:/usr/local/sbin:/usr/sbin:/opt/jsc/bin:/usr/local/jsc/bin:/opt/parastation/bin:/p/software/juwelsbooster/bin
++ export PATH
++ '[' -n '' ']'
++ '[' -z '' ']'
++ _OLD_VIRTUAL_PS1=
++ PS1='(opt_transport) '
++ export PS1
++ VIRTUAL_ENV_PROMPT='(opt_transport) '
++ export VIRTUAL_ENV_PROMPT
++ '[' -n /bin/bash -o -n '' ']'
++ hash -r
+ PYTHONPATH=/p/project1/hai_fzj_bda/koenig8/jupyter/kernels/opt_transport/lib/python3.10/site-packages/:/p/software/juwelsbooster/stages/2023/software/Python/3.10.4-GCCcore-11.3.0/easybuild/python:/p/project1/hai_fzj_bda/koenig8/jupyter/kernels/opt_transport/lib/python3.10/site-packages
+ srun python tune.py -s /p/project1/hai_fzj_bda/koenig8/ot/data/adata_st.h5ad -t /p/project1/hai_fzj_bda/koenig8/ot/data/adata_histo.h5ad -o /p/project1/hai_fzj_bda/koenig8/ot/tune_params/only_scaled --source_key pca_plus_slides_scaled --target_key uni_pca_plus_coords --linear_term brain_area_similarities --metric translation --random_seed 42
/p/project1/hai_fzj_bda/koenig8/ot/tune_params/tune.py:255: RuntimeWarning: invalid value encountered in divide
  t_j = T[j] / np.sum(T[j])
Traceback (most recent call last):
  File "/p/project1/hai_fzj_bda/koenig8/ot/tune_params/tune.py", line 387, in <module>
    res = gp_minimize(objective_wrapper, search_space, n_calls=100, random_state=seed)
  File "/p/project1/hai_fzj_bda/koenig8/jupyter/kernels/opt_transport/lib/python3.10/site-packages/skopt/optimizer/gp.py", line 281, in gp_minimize
    return base_minimize(
  File "/p/project1/hai_fzj_bda/koenig8/jupyter/kernels/opt_transport/lib/python3.10/site-packages/skopt/optimizer/base.py", line 332, in base_minimize
    next_y = func(next_x)
  File "/p/project1/hai_fzj_bda/koenig8/ot/tune_params/tune.py", line 361, in objective_wrapper
    score = objective(alpha, epsilon, tau_a, tau_b, source_key_, target_key_, linear_term_)
  File "/p/project1/hai_fzj_bda/koenig8/ot/tune_params/tune.py", line 336, in objective
    score = translation_metric(tp)
  File "/p/project1/hai_fzj_bda/koenig8/ot/tune_params/tune.py", line 262, in translation_metric
    return r2_score(src_coords, predictions_T)
  File "/p/project1/hai_fzj_bda/koenig8/jupyter/kernels/opt_transport/lib/python3.10/site-packages/sklearn/utils/_param_validation.py", line 213, in wrapper
    return func(*args, **kwargs)
  File "/p/project1/hai_fzj_bda/koenig8/jupyter/kernels/opt_transport/lib/python3.10/site-packages/sklearn/metrics/_regression.py", line 1204, in r2_score
    _, y_true, y_pred, multioutput = _check_reg_targets(
  File "/p/project1/hai_fzj_bda/koenig8/jupyter/kernels/opt_transport/lib/python3.10/site-packages/sklearn/metrics/_regression.py", line 113, in _check_reg_targets
    y_pred = check_array(y_pred, ensure_2d=False, dtype=dtype)
  File "/p/project1/hai_fzj_bda/koenig8/jupyter/kernels/opt_transport/lib/python3.10/site-packages/sklearn/utils/validation.py", line 1064, in check_array
    _assert_all_finite(
  File "/p/project1/hai_fzj_bda/koenig8/jupyter/kernels/opt_transport/lib/python3.10/site-packages/sklearn/utils/validation.py", line 123, in _assert_all_finite
    _assert_all_finite_element_wise(
  File "/p/project1/hai_fzj_bda/koenig8/jupyter/kernels/opt_transport/lib/python3.10/site-packages/sklearn/utils/validation.py", line 172, in _assert_all_finite_element_wise
    raise ValueError(msg_err)
ValueError: Input contains NaN.
srun: error: jwb0102: task 0: Exited with exit code 1
