+ '[' -z '' ']'
+ case "$-" in
+ __lmod_vx=x
+ '[' -n x ']'
+ set +x
Shell debugging temporarily silenced: export LMOD_SH_DBG_ON=1 for this output (/p/software/juwelsbooster/lmod/8.7.49/init/bash)
Shell debugging restarted
+ unset __lmod_vx
+ module load Stages/2023
+ '[' -z '' ']'
+ case "$-" in
+ __lmod_sh_dbg=x
+ '[' -n x ']'
+ set +x
Shell debugging temporarily silenced: export LMOD_SH_DBG_ON=1 for Lmod's output

  [01;33mThis stage is deprecated. Please consider moving to a new stage (2025
or newer)[0m


Inactive Modules:
  1) make

The following have been reloaded with a version change:
  1) GCCcore/.13.3.0 => GCCcore/.11.3.0     4) binutils/.2.42 => binutils/.2.38
  2) Stages/2025 => Stages/2023             5) zlib/.1.3.1 => zlib/.1.2.12
  3) StdEnv/2025 => StdEnv/2023

Shell debugging restarted
+ unset __lmod_sh_dbg
+ return 0
+ module load GCCcore/.11.3.0
+ '[' -z '' ']'
+ case "$-" in
+ __lmod_sh_dbg=x
+ '[' -n x ']'
+ set +x
Shell debugging temporarily silenced: export LMOD_SH_DBG_ON=1 for Lmod's output
Shell debugging restarted
+ unset __lmod_sh_dbg
+ return 0
+ module load Python/3.10.4
+ '[' -z '' ']'
+ case "$-" in
+ __lmod_sh_dbg=x
+ '[' -n x ']'
+ set +x
Shell debugging temporarily silenced: export LMOD_SH_DBG_ON=1 for Lmod's output
Shell debugging restarted
+ unset __lmod_sh_dbg
+ return 0
+ source /p/project1/hai_fzj_bda/koenig8/jupyter/kernels/opt_transport/bin/activate
++ deactivate nondestructive
++ '[' -n '' ']'
++ '[' -n '' ']'
++ '[' -n /bin/bash -o -n '' ']'
++ hash -r
++ '[' -n '' ']'
++ unset VIRTUAL_ENV
++ unset VIRTUAL_ENV_PROMPT
++ '[' '!' nondestructive = nondestructive ']'
++ VIRTUAL_ENV=/p/project1/hai_fzj_bda/koenig8/jupyter/kernels/opt_transport
++ export VIRTUAL_ENV
++ _OLD_VIRTUAL_PATH=/p/software/juwelsbooster/stages/2023/software/Python/3.10.4-GCCcore-11.3.0/bin:/p/software/juwelsbooster/stages/2023/software/OpenSSL/1.1/bin:/p/software/juwelsbooster/stages/2023/software/XZ/5.2.5-GCCcore-11.3.0/bin:/p/software/juwelsbooster/stages/2023/software/SQLite/3.38.3-GCCcore-11.3.0/bin:/p/software/juwelsbooster/stages/2023/software/Tcl/8.6.12-GCCcore-11.3.0/bin:/p/software/juwelsbooster/stages/2023/software/ncurses/6.3-GCCcore-11.3.0/bin:/p/software/juwelsbooster/stages/2023/software/bzip2/1.0.8-GCCcore-11.3.0/bin:/p/software/juwelsbooster/stages/2023/software/binutils/2.38-GCCcore-11.3.0/bin:/p/software/juwelsbooster/stages/2023/software/GCCcore/11.3.0/bin:/usr/local/bin:/usr/bin:/usr/local/sbin:/usr/sbin:/opt/jsc/bin:/usr/local/jsc/bin:/opt/parastation/bin:/p/software/juwelsbooster/bin
++ PATH=/p/project1/hai_fzj_bda/koenig8/jupyter/kernels/opt_transport/bin:/p/software/juwelsbooster/stages/2023/software/Python/3.10.4-GCCcore-11.3.0/bin:/p/software/juwelsbooster/stages/2023/software/OpenSSL/1.1/bin:/p/software/juwelsbooster/stages/2023/software/XZ/5.2.5-GCCcore-11.3.0/bin:/p/software/juwelsbooster/stages/2023/software/SQLite/3.38.3-GCCcore-11.3.0/bin:/p/software/juwelsbooster/stages/2023/software/Tcl/8.6.12-GCCcore-11.3.0/bin:/p/software/juwelsbooster/stages/2023/software/ncurses/6.3-GCCcore-11.3.0/bin:/p/software/juwelsbooster/stages/2023/software/bzip2/1.0.8-GCCcore-11.3.0/bin:/p/software/juwelsbooster/stages/2023/software/binutils/2.38-GCCcore-11.3.0/bin:/p/software/juwelsbooster/stages/2023/software/GCCcore/11.3.0/bin:/usr/local/bin:/usr/bin:/usr/local/sbin:/usr/sbin:/opt/jsc/bin:/usr/local/jsc/bin:/opt/parastation/bin:/p/software/juwelsbooster/bin
++ export PATH
++ '[' -n '' ']'
++ '[' -z '' ']'
++ _OLD_VIRTUAL_PS1=
++ PS1='(opt_transport) '
++ export PS1
++ VIRTUAL_ENV_PROMPT='(opt_transport) '
++ export VIRTUAL_ENV_PROMPT
++ '[' -n /bin/bash -o -n '' ']'
++ hash -r
+ PYTHONPATH=/p/project1/hai_fzj_bda/koenig8/jupyter/kernels/opt_transport/lib/python3.10/site-packages/:/p/software/juwelsbooster/stages/2023/software/Python/3.10.4-GCCcore-11.3.0/easybuild/python
+ srun -u python -u visualize_alpha.py -s /p/project1/hai_fzj_bda/koenig8/ot/data/adata_st.h5ad -t /p/project1/hai_fzj_bda/koenig8/ot/data/adata_histo.h5ad -p /p/project1/hai_fzj_bda/koenig8/ot/visualize_alpha/epsilon --random_seed 713
/p/project1/hai_fzj_bda/koenig8/jupyter/kernels/opt_transport/lib/python3.10/site-packages/anndata/_core/anndata.py:1756: UserWarning: Observation names are not unique. To make them unique, call `.obs_names_make_unique`.
2025-04-30 23:23:40.834306: W external/xla/xla/service/gpu/autotuning/gemm_fusion_autotuner.cc:1093] Compiling 116 configs for 4 fusions on a single thread.
2025-04-30 23:45:52.378045: W external/xla/xla/tsl/framework/bfc_allocator.cc:501] Allocator (GPU_0_bfc) ran out of memory trying to allocate 10.06GiB (rounded to 10800411392)requested by op 
2025-04-30 23:45:52.447053: W external/xla/xla/tsl/framework/bfc_allocator.cc:512] *****************************************______*************************____________________________
E0430 23:45:52.447073  446328 pjrt_stream_executor_client.cc:3026] Execution of replica 0 failed: RESOURCE_EXHAUSTED: Out of memory while trying to allocate 10800411392 bytes. [tf-allocator-allocation-error='']
jax.errors.SimplifiedTraceback: For simplicity, JAX has removed its internal frames from the traceback of the following exception. Set JAX_TRACEBACK_FILTERING=off to include these.

The above exception was the direct cause of the following exception:

Traceback (most recent call last):
  File "/p/project1/hai_fzj_bda/koenig8/ot/visualize_alpha/visualize_alpha.py", line 176, in <module>
    tp = tp.solve(alpha=alpha, epsilon=epsilon)
  File "/p/project1/hai_fzj_bda/koenig8/jupyter/kernels/opt_transport/lib/python3.10/site-packages/moscot/problems/cross_modality/_translation.py", line 290, in solve
    return super().solve(
  File "/p/project1/hai_fzj_bda/koenig8/jupyter/kernels/opt_transport/lib/python3.10/site-packages/moscot/base/problems/compound_problem.py", line 353, in solve
    _ = problem.solve(**kwargs)
  File "/p/project1/hai_fzj_bda/koenig8/jupyter/kernels/opt_transport/lib/python3.10/site-packages/moscot/base/problems/_utils.py", line 548, in wrap_solve
    instance = wrapped(*args, **kwargs)
  File "/p/project1/hai_fzj_bda/koenig8/jupyter/kernels/opt_transport/lib/python3.10/site-packages/moscot/base/problems/problem.py", line 512, in solve
    self._solution = self._solver(  # type: ignore[misc]
  File "/p/project1/hai_fzj_bda/koenig8/jupyter/kernels/opt_transport/lib/python3.10/site-packages/moscot/base/solver.py", line 205, in __call__
    res = super().__call__(**kwargs)
  File "/p/project1/hai_fzj_bda/koenig8/jupyter/kernels/opt_transport/lib/python3.10/site-packages/moscot/base/solver.py", line 138, in __call__
    return self._solve(data)
  File "/p/project1/hai_fzj_bda/koenig8/jupyter/kernels/opt_transport/lib/python3.10/site-packages/moscot/backends/ott/solver.py", line 179, in _solve
    out = solver(prob, **self.initializer_kwargs, **kwargs)
jaxlib.xla_extension.XlaRuntimeError: RESOURCE_EXHAUSTED: Out of memory while trying to allocate 10800411392 bytes.
srun: error: jwb1226: task 0: Exited with exit code 1
